<?xml version="1.0" encoding="UTF-8"?>
<!-- Generated by org.testng.reporters.JUnitReportReporter -->
<testsuite hostname="LTIN138628" failures="0" tests="1" name="testCases.AmazonScenario" time="47.376" errors="0" timestamp="05 Aug 2020 08:17:26 GMT" skipped="0">
  <testcase classname="testCases.AmazonScenario" name="testScenario1" time="47.376"/>
</testsuite> <!-- testCases.AmazonScenario -->
